<?xml version="1.0" encoding="UTF-8"?>
<testsuite name="is.kings.GridTest" tests="2" skipped="0" failures="0" errors="0" timestamp="2014-10-29T19:52:46" hostname="i-d8dcceb3" time="0.008">
  <properties/>
  <testcase name="testInsertToGridPosition" classname="is.kings.GridTest" time="0.005"/>
  <testcase name="testPrintGrid" classname="is.kings.GridTest" time="0.001"/>
  <system-out><![CDATA[]]></system-out>
  <system-err><![CDATA[]]></system-err>
</testsuite>
