<?xml version="1.0" encoding="UTF-8"?>
<testsuite name="is.kings.TicTacToeWebTest" tests="7" skipped="0" failures="0" errors="0" timestamp="2014-11-02T17:27:11" hostname="i-d8dcceb3" time="35.76">
  <properties/>
  <testcase name="testSeleniumH1" classname="is.kings.TicTacToeWebTest" time="7.204"/>
  <testcase name="testSelenuimInputChar" classname="is.kings.TicTacToeWebTest" time="4.545"/>
  <testcase name="testSelenuimInputSameNumberTwice" classname="is.kings.TicTacToeWebTest" time="4.771"/>
  <testcase name="testSelenuimParagraph" classname="is.kings.TicTacToeWebTest" time="4.117"/>
  <testcase name="testSelenuimGameOver" classname="is.kings.TicTacToeWebTest" time="6.188"/>
  <testcase name="testSelenuimTooLargeNumber" classname="is.kings.TicTacToeWebTest" time="4.335"/>
  <testcase name="testSelenuimTooSmallNumber" classname="is.kings.TicTacToeWebTest" time="4.591"/>
  <system-out><![CDATA[]]></system-out>
  <system-err><![CDATA[]]></system-err>
</testsuite>
