<?xml version="1.0" encoding="UTF-8"?>
<testsuite name="is.kings.TicTacToeWebTest" tests="4" skipped="0" failures="0" errors="0" timestamp="2014-10-31T21:26:23" hostname="i-d8dcceb3" time="23.249">
  <properties/>
  <testcase name="testSeleniumH1" classname="is.kings.TicTacToeWebTest" time="6.74"/>
  <testcase name="testSelenuimInputChar" classname="is.kings.TicTacToeWebTest" time="5.533"/>
  <testcase name="testSelenuimParagraph" classname="is.kings.TicTacToeWebTest" time="5.411"/>
  <testcase name="testSelenuimTooSmallNumber" classname="is.kings.TicTacToeWebTest" time="5.551"/>
  <system-out><![CDATA[]]></system-out>
  <system-err><![CDATA[]]></system-err>
</testsuite>
