<?xml version="1.0" encoding="UTF-8"?>
<testsuite name="is.kings.TicTacToeWebTest" tests="7" skipped="0" failures="0" errors="0" timestamp="2014-11-01T21:05:13" hostname="i-d8dcceb3" time="37.275">
  <properties/>
  <testcase name="testSeleniumH1" classname="is.kings.TicTacToeWebTest" time="8.028"/>
  <testcase name="testSelenuimInputChar" classname="is.kings.TicTacToeWebTest" time="4.982"/>
  <testcase name="testSelenuimInputSameNumberTwice" classname="is.kings.TicTacToeWebTest" time="4.979"/>
  <testcase name="testSelenuimParagraph" classname="is.kings.TicTacToeWebTest" time="4.245"/>
  <testcase name="testSelenuimGameOver" classname="is.kings.TicTacToeWebTest" time="5.725"/>
  <testcase name="testSelenuimTooLargeNumber" classname="is.kings.TicTacToeWebTest" time="4.675"/>
  <testcase name="testSelenuimTooSmallNumber" classname="is.kings.TicTacToeWebTest" time="4.632"/>
  <system-out><![CDATA[]]></system-out>
  <system-err><![CDATA[]]></system-err>
</testsuite>
