<?xml version="1.0" encoding="UTF-8"?>
<testsuite name="is.kings.ComputerPlayerTest" tests="2" skipped="0" failures="0" errors="0" timestamp="2014-11-02T16:14:30" hostname="david-VirtualBox" time="0.017">
  <properties/>
  <testcase name="testInsertOnAFullTable" classname="is.kings.ComputerPlayerTest" time="0.009"/>
  <testcase name="testComputerMove" classname="is.kings.ComputerPlayerTest" time="0.0"/>
  <system-out><![CDATA[]]></system-out>
  <system-err><![CDATA[]]></system-err>
</testsuite>
