<?xml version="1.0" encoding="UTF-8"?>
<testsuite name="is.kings.TicTacToeWebTest" tests="7" skipped="0" failures="0" errors="0" timestamp="2014-11-01T22:08:20" hostname="i-d8dcceb3" time="38.949">
  <properties/>
  <testcase name="testSeleniumH1" classname="is.kings.TicTacToeWebTest" time="9.082"/>
  <testcase name="testSelenuimInputChar" classname="is.kings.TicTacToeWebTest" time="4.653"/>
  <testcase name="testSelenuimInputSameNumberTwice" classname="is.kings.TicTacToeWebTest" time="5.006"/>
  <testcase name="testSelenuimParagraph" classname="is.kings.TicTacToeWebTest" time="4.357"/>
  <testcase name="testSelenuimGameOver" classname="is.kings.TicTacToeWebTest" time="6.436"/>
  <testcase name="testSelenuimTooLargeNumber" classname="is.kings.TicTacToeWebTest" time="4.816"/>
  <testcase name="testSelenuimTooSmallNumber" classname="is.kings.TicTacToeWebTest" time="4.589"/>
  <system-out><![CDATA[]]></system-out>
  <system-err><![CDATA[]]></system-err>
</testsuite>
