<?xml version="1.0" encoding="UTF-8"?>
<testsuite name="is.kings.ComputerPlayerTest" tests="2" skipped="0" failures="0" errors="0" timestamp="2014-11-02T17:57:57" hostname="i-d8dcceb3" time="0.02">
  <properties/>
  <testcase name="testInsertOnAFullTable" classname="is.kings.ComputerPlayerTest" time="0.009"/>
  <testcase name="testComputerMove" classname="is.kings.ComputerPlayerTest" time="0.01"/>
  <system-out><![CDATA[]]></system-out>
  <system-err><![CDATA[]]></system-err>
</testsuite>
