<?xml version="1.0" encoding="UTF-8"?>
<testsuite name="is.kings.ComputerPlayerTest" tests="2" skipped="0" failures="0" errors="0" timestamp="2014-11-01T11:32:50" hostname="i-d8dcceb3" time="0.008">
  <properties/>
  <testcase name="testInsertOnAFullTable" classname="is.kings.ComputerPlayerTest" time="0.004"/>
  <testcase name="testComputerMove" classname="is.kings.ComputerPlayerTest" time="0.001"/>
  <system-out><![CDATA[]]></system-out>
  <system-err><![CDATA[]]></system-err>
</testsuite>
